<?xml version="1.0" encoding="UTF-8"?>
<!-- Generated by org.testng.reporters.JUnitXMLReporter -->
<testsuite hostname="Athul-PC" name="Command line test" tests="6" failures="0" timestamp="1 Mar 2020 19:15:55 GMT" time="0.232" errors="0">
  <testcase name="Cloud" time="0.186" classname="qaclickacademy.AppiumTest"/>
  <testcase name="MobileAutomation" time="0.0" classname="qaclickacademy.AppiumTest"/>
  <testcase name="Requestsent" time="0.001" classname="qaclickacademy.RestAPITest"/>
  <testcase name="Responsereceived" time="0.0" classname="qaclickacademy.RestAPITest"/>
  <testcase name="BrowserAutomation" time="0.0" classname="qaclickacademy.SeleniumTest"/>
  <testcase name="UIAutomation" time="0.0" classname="qaclickacademy.SeleniumTest"/>
</testsuite> <!-- Command line test -->
