<?xml version="1.0" encoding="UTF-8" ?>
<testsuite tests="7" failures="0" name="TestSuite" time="0.197" errors="0" skipped="0">
  <properties>
[...]
</properties>
  <testcase classname="qaclickacademy.AppiumTest" name="Cloud" time="0.19"/>
  <testcase classname="qaclickacademy.AppiumTest" name="MobileAutomation" time="0.001"/>
  <testcase classname="qaclickacademy.RestAPITest" name="Requestsent" time="0.001"/>
  <testcase classname="qaclickacademy.RestAPITest" name="Responsereceived" time="0.001"/>
  <testcase classname="qaclickacademy.SeleniumTest" name="BrowserAutomation" time="0.001"/>
  <testcase classname="qaclickacademy.SeleniumTest" name="UIAutomation" time="0"/>
  <testcase classname="qaclickacademy.AppTest" name="testApp on testApp(qaclickacademy.AppTest)" time="0.003"/>
</testsuite>